app/build/intermediates/manifest_merge_blame_file/debug/processDebugMainManifest/manifest-merger-blame-debug-report.txt
1<?xml version="1.0" encoding="utf-8"?>
2<manifest xmlns:android="http://schemas.android.com/apk/res/android"
3    package="com.popspot.app"
4    android:versionCode="1"
5    android:versionName="1.0" >
6
7    <uses-sdk
8        android:minSdkVersion="26"
9        android:targetSdkVersion="34" />
10
11    <uses-permission android:name="android.permission.INTERNET" />
11-->src\main\AndroidManifest.xml:4:5-67
11-->src\main\AndroidManifest.xml:4:22-64
12    <uses-permission android:name="android.permission.ACCESS_FINE_LOCATION" />
12-->src\main\AndroidManifest.xml:5:5-79
12-->src\main\AndroidManifest.xml:5:22-76
13    <uses-permission android:name="android.permission.ACCESS_COARSE_LOCATION" />
13-->src\main\AndroidManifest.xml:6:5-81
13-->src\main\AndroidManifest.xml:6:22-78
14
15    <uses-feature
15-->[com.naver.maps:map-sdk:3.18.0] AndroidManifest.xml:7:5-9:35
16        android:glEsVersion="0x00020000"
16-->[com.naver.maps:map-sdk:3.18.0] AndroidManifest.xml:8:9-41
17        android:required="true" />
17-->[com.naver.maps:map-sdk:3.18.0] AndroidManifest.xml:9:9-32
18    <uses-feature
18-->[com.naver.maps:map-sdk:3.18.0] AndroidManifest.xml:10:5-12:36
19        android:name="android.hardware.wifi"
19-->[com.naver.maps:map-sdk:3.18.0] AndroidManifest.xml:11:9-45
20        android:required="false" />
20-->[com.naver.maps:map-sdk:3.18.0] AndroidManifest.xml:12:9-33
21
22    <uses-permission android:name="android.permission.ACCESS_NETWORK_STATE" />
22-->[com.naver.maps:map-sdk:3.18.0] AndroidManifest.xml:15:5-79
22-->[com.naver.maps:map-sdk:3.18.0] AndroidManifest.xml:15:22-76
23    <uses-permission android:name="android.permission.ACCESS_WIFI_STATE" />
23-->[com.naver.maps:map-sdk:3.18.0] AndroidManifest.xml:16:5-76
23-->[com.naver.maps:map-sdk:3.18.0] AndroidManifest.xml:16:22-73
24
25    <permission
25-->[androidx.core:core:1.13.1] AndroidManifest.xml:22:5-24:47
26        android:name="com.popspot.app.DYNAMIC_RECEIVER_NOT_EXPORTED_PERMISSION"
26-->[androidx.core:core:1.13.1] AndroidManifest.xml:23:9-81
27        android:protectionLevel="signature" />
27-->[androidx.core:core:1.13.1] AndroidManifest.xml:24:9-44
28
29    <uses-permission android:name="com.popspot.app.DYNAMIC_RECEIVER_NOT_EXPORTED_PERMISSION" />
29-->[androidx.core:core:1.13.1] AndroidManifest.xml:26:5-97
29-->[androidx.core:core:1.13.1] AndroidManifest.xml:26:22-94
30
31    <application
31-->src\main\AndroidManifest.xml:8:5-29:19
32        android:name="com.popspot.app.PopSpotApplication"
32-->src\main\AndroidManifest.xml:9:9-43
33        android:allowBackup="true"
33-->src\main\AndroidManifest.xml:10:9-35
34        android:appComponentFactory="androidx.core.app.CoreComponentFactory"
34-->[androidx.core:core:1.13.1] AndroidManifest.xml:28:18-86
35        android:debuggable="true"
36        android:extractNativeLibs="false"
37        android:label="@string/app_name"
37-->src\main\AndroidManifest.xml:11:9-41
38        android:supportsRtl="true"
38-->src\main\AndroidManifest.xml:12:9-35
39        android:testOnly="true"
40        android:theme="@style/Theme.PopSpot" >
40-->src\main\AndroidManifest.xml:13:9-45
41
42        <!-- Naver Map SDK client ID injected from local.properties at build time -->
43        <meta-data
44            android:name="com.naver.maps.map.CLIENT_ID"
44-->src\main\AndroidManifest.xml:17:13-56
45            android:value="REPLACE_ME" />
45-->src\main\AndroidManifest.xml:18:13-48
46
47        <activity
47-->src\main\AndroidManifest.xml:20:9-28:20
48            android:name="com.popspot.app.MainActivity"
48-->src\main\AndroidManifest.xml:21:13-41
49            android:exported="true"
49-->src\main\AndroidManifest.xml:22:13-36
50            android:theme="@style/Theme.PopSpot" >
50-->src\main\AndroidManifest.xml:23:13-49
51            <intent-filter>
51-->src\main\AndroidManifest.xml:24:13-27:29
52                <action android:name="android.intent.action.MAIN" />
52-->src\main\AndroidManifest.xml:25:17-69
52-->src\main\AndroidManifest.xml:25:25-66
53
54                <category android:name="android.intent.category.LAUNCHER" />
54-->src\main\AndroidManifest.xml:26:17-77
54-->src\main\AndroidManifest.xml:26:27-74
55            </intent-filter>
56        </activity>
57        <activity
57-->[com.google.android.gms:play-services-base:18.1.0] AndroidManifest.xml:20:9-22:45
58            android:name="com.google.android.gms.common.api.GoogleApiActivity"
58-->[com.google.android.gms:play-services-base:18.1.0] AndroidManifest.xml:20:19-85
59            android:exported="false"
59-->[com.google.android.gms:play-services-base:18.1.0] AndroidManifest.xml:22:19-43
60            android:theme="@android:style/Theme.Translucent.NoTitleBar" />
60-->[com.google.android.gms:play-services-base:18.1.0] AndroidManifest.xml:21:19-78
61
62        <meta-data
62-->[com.google.android.gms:play-services-basement:18.1.0] AndroidManifest.xml:21:9-23:69
63            android:name="com.google.android.gms.version"
63-->[com.google.android.gms:play-services-basement:18.1.0] AndroidManifest.xml:22:13-58
64            android:value="@integer/google_play_services_version" />
64-->[com.google.android.gms:play-services-basement:18.1.0] AndroidManifest.xml:23:13-66
65
66        <activity
66-->[com.naver.maps:map-sdk:3.18.0] AndroidManifest.xml:19:9-23:51
67            android:name="com.naver.maps.map.app.LegendActivity"
67-->[com.naver.maps:map-sdk:3.18.0] AndroidManifest.xml:20:13-65
68            android:configChanges="screenSize|smallestScreenSize|screenLayout|orientation"
68-->[com.naver.maps:map-sdk:3.18.0] AndroidManifest.xml:21:13-91
69            android:label="@string/navermap_legend"
69-->[com.naver.maps:map-sdk:3.18.0] AndroidManifest.xml:22:13-52
70            android:theme="@style/navermap_app" />
70-->[com.naver.maps:map-sdk:3.18.0] AndroidManifest.xml:23:13-48
71        <activity
71-->[com.naver.maps:map-sdk:3.18.0] AndroidManifest.xml:24:9-28:51
72            android:name="com.naver.maps.map.app.LegalNoticeActivity"
72-->[com.naver.maps:map-sdk:3.18.0] AndroidManifest.xml:25:13-70
73            android:configChanges="screenSize|smallestScreenSize|screenLayout|orientation"
73-->[com.naver.maps:map-sdk:3.18.0] AndroidManifest.xml:26:13-91
74            android:label="@string/navermap_legal_notice"
74-->[com.naver.maps:map-sdk:3.18.0] AndroidManifest.xml:27:13-58
75            android:theme="@style/navermap_app" />
75-->[com.naver.maps:map-sdk:3.18.0] AndroidManifest.xml:28:13-48
76        <activity
76-->[com.naver.maps:map-sdk:3.18.0] AndroidManifest.xml:29:9-33:51
77            android:name="com.naver.maps.map.app.OpenSourceLicenseActivity"
77-->[com.naver.maps:map-sdk:3.18.0] AndroidManifest.xml:30:13-76
78            android:configChanges="screenSize|smallestScreenSize|screenLayout|orientation"
78-->[com.naver.maps:map-sdk:3.18.0] AndroidManifest.xml:31:13-91
79            android:label="@string/navermap_open_source_license"
79-->[com.naver.maps:map-sdk:3.18.0] AndroidManifest.xml:32:13-65
80            android:theme="@style/navermap_app" />
80-->[com.naver.maps:map-sdk:3.18.0] AndroidManifest.xml:33:13-48
81
82        <provider
82-->[androidx.emoji2:emoji2:1.3.0] AndroidManifest.xml:24:9-32:20
83            android:name="androidx.startup.InitializationProvider"
83-->[androidx.emoji2:emoji2:1.3.0] AndroidManifest.xml:25:13-67
84            android:authorities="com.popspot.app.androidx-startup"
84-->[androidx.emoji2:emoji2:1.3.0] AndroidManifest.xml:26:13-68
85            android:exported="false" >
85-->[androidx.emoji2:emoji2:1.3.0] AndroidManifest.xml:27:13-37
86            <meta-data
86-->[androidx.emoji2:emoji2:1.3.0] AndroidManifest.xml:29:13-31:52
87                android:name="androidx.emoji2.text.EmojiCompatInitializer"
87-->[androidx.emoji2:emoji2:1.3.0] AndroidManifest.xml:30:17-75
88                android:value="androidx.startup" />
88-->[androidx.emoji2:emoji2:1.3.0] AndroidManifest.xml:31:17-49
89            <meta-data
89-->[androidx.lifecycle:lifecycle-process:2.8.1] AndroidManifest.xml:29:13-31:52
90                android:name="androidx.lifecycle.ProcessLifecycleInitializer"
90-->[androidx.lifecycle:lifecycle-process:2.8.1] AndroidManifest.xml:30:17-78
91                android:value="androidx.startup" />
91-->[androidx.lifecycle:lifecycle-process:2.8.1] AndroidManifest.xml:31:17-49
92            <meta-data
92-->[androidx.profileinstaller:profileinstaller:1.3.1] AndroidManifest.xml:29:13-31:52
93                android:name="androidx.profileinstaller.ProfileInstallerInitializer"
93-->[androidx.profileinstaller:profileinstaller:1.3.1] AndroidManifest.xml:30:17-85
94                android:value="androidx.startup" />
94-->[androidx.profileinstaller:profileinstaller:1.3.1] AndroidManifest.xml:31:17-49
95        </provider>
96
97        <activity
97-->[androidx.compose.ui:ui-tooling-android:1.7.0-alpha07] AndroidManifest.xml:23:9-25:39
98            android:name="androidx.compose.ui.tooling.PreviewActivity"
98-->[androidx.compose.ui:ui-tooling-android:1.7.0-alpha07] AndroidManifest.xml:24:13-71
99            android:exported="true" />
99-->[androidx.compose.ui:ui-tooling-android:1.7.0-alpha07] AndroidManifest.xml:25:13-36
100
101        <service
101-->[androidx.room:room-runtime:2.6.1] AndroidManifest.xml:24:9-28:63
102            android:name="androidx.room.MultiInstanceInvalidationService"
102-->[androidx.room:room-runtime:2.6.1] AndroidManifest.xml:25:13-74
103            android:directBootAware="true"
103-->[androidx.room:room-runtime:2.6.1] AndroidManifest.xml:26:13-43
104            android:exported="false" />
104-->[androidx.room:room-runtime:2.6.1] AndroidManifest.xml:27:13-37
105
106        <receiver
106-->[androidx.profileinstaller:profileinstaller:1.3.1] AndroidManifest.xml:34:9-52:20
107            android:name="androidx.profileinstaller.ProfileInstallReceiver"
107-->[androidx.profileinstaller:profileinstaller:1.3.1] AndroidManifest.xml:35:13-76
108            android:directBootAware="false"
108-->[androidx.profileinstaller:profileinstaller:1.3.1] AndroidManifest.xml:36:13-44
109            android:enabled="true"
109-->[androidx.profileinstaller:profileinstaller:1.3.1] AndroidManifest.xml:37:13-35
110            android:exported="true"
110-->[androidx.profileinstaller:profileinstaller:1.3.1] AndroidManifest.xml:38:13-36
111            android:permission="android.permission.DUMP" >
111-->[androidx.profileinstaller:profileinstaller:1.3.1] AndroidManifest.xml:39:13-57
112            <intent-filter>
112-->[androidx.profileinstaller:profileinstaller:1.3.1] AndroidManifest.xml:40:13-42:29
113                <action android:name="androidx.profileinstaller.action.INSTALL_PROFILE" />
113-->[androidx.profileinstaller:profileinstaller:1.3.1] AndroidManifest.xml:41:17-91
113-->[androidx.profileinstaller:profileinstaller:1.3.1] AndroidManifest.xml:41:25-88
114            </intent-filter>
115            <intent-filter>
115-->[androidx.profileinstaller:profileinstaller:1.3.1] AndroidManifest.xml:43:13-45:29
116                <action android:name="androidx.profileinstaller.action.SKIP_FILE" />
116-->[androidx.profileinstaller:profileinstaller:1.3.1] AndroidManifest.xml:44:17-85
116-->[androidx.profileinstaller:profileinstaller:1.3.1] AndroidManifest.xml:44:25-82
117            </intent-filter>
118            <intent-filter>
118-->[androidx.profileinstaller:profileinstaller:1.3.1] AndroidManifest.xml:46:13-48:29
119                <action android:name="androidx.profileinstaller.action.SAVE_PROFILE" />
119-->[androidx.profileinstaller:profileinstaller:1.3.1] AndroidManifest.xml:47:17-88
119-->[androidx.profileinstaller:profileinstaller:1.3.1] AndroidManifest.xml:47:25-85
120            </intent-filter>
121            <intent-filter>
121-->[androidx.profileinstaller:profileinstaller:1.3.1] AndroidManifest.xml:49:13-51:29
122                <action android:name="androidx.profileinstaller.action.BENCHMARK_OPERATION" />
122-->[androidx.profileinstaller:profileinstaller:1.3.1] AndroidManifest.xml:50:17-95
122-->[androidx.profileinstaller:profileinstaller:1.3.1] AndroidManifest.xml:50:25-92
123            </intent-filter>
124        </receiver>
125    </application>
126
127</manifest>